{"C:/Users/Khaera/Desktop/Code Cours/frontend-test-khaera/src/components/Board/Board.tsx": {"path":"C:/Users/Khaera/Desktop/Code Cours/frontend-test-khaera/src/components/Board/Board.tsx","statementMap":{"0":{"start":{"line":21,"column":19},"end":{"line":26,"column":null}},"1":{"start":{"line":28,"column":14},"end":{"line":151,"column":null}},"2":{"start":{"line":29,"column":19},"end":{"line":29,"column":null}},"3":{"start":{"line":30,"column":60},"end":{"line":32,"column":null}},"4":{"start":{"line":31,"column":26},"end":{"line":31,"column":null}},"5":{"start":{"line":33,"column":20},"end":{"line":33,"column":null}},"6":{"start":{"line":33,"column":54},"end":{"line":33,"column":77}},"7":{"start":{"line":34,"column":38},"end":{"line":34,"column":null}},"8":{"start":{"line":35,"column":44},"end":{"line":35,"column":null}},"9":{"start":{"line":36,"column":19},"end":{"line":36,"column":null}},"10":{"start":{"line":38,"column":2},"end":{"line":40,"column":null}},"11":{"start":{"line":39,"column":4},"end":{"line":39,"column":null}},"12":{"start":{"line":42,"column":2},"end":{"line":49,"column":null}},"13":{"start":{"line":43,"column":4},"end":{"line":48,"column":null}},"14":{"start":{"line":44,"column":25},"end":{"line":46,"column":null}},"15":{"start":{"line":45,"column":8},"end":{"line":45,"column":null}},"16":{"start":{"line":47,"column":6},"end":{"line":47,"column":null}},"17":{"start":{"line":47,"column":19},"end":{"line":47,"column":null}},"18":{"start":{"line":51,"column":2},"end":{"line":55,"column":null}},"19":{"start":{"line":52,"column":4},"end":{"line":54,"column":null}},"20":{"start":{"line":53,"column":6},"end":{"line":53,"column":null}},"21":{"start":{"line":57,"column":26},"end":{"line":89,"column":null}},"22":{"start":{"line":58,"column":25},"end":{"line":58,"column":null}},"23":{"start":{"line":60,"column":4},"end":{"line":62,"column":null}},"24":{"start":{"line":61,"column":6},"end":{"line":61,"column":null}},"25":{"start":{"line":64,"column":4},"end":{"line":64,"column":null}},"26":{"start":{"line":66,"column":4},"end":{"line":70,"column":null}},"27":{"start":{"line":67,"column":6},"end":{"line":67,"column":null}},"28":{"start":{"line":68,"column":6},"end":{"line":68,"column":null}},"29":{"start":{"line":69,"column":6},"end":{"line":69,"column":null}},"30":{"start":{"line":72,"column":4},"end":{"line":88,"column":null}},"31":{"start":{"line":73,"column":27},"end":{"line":73,"column":null}},"32":{"start":{"line":74,"column":33},"end":{"line":76,"column":null}},"33":{"start":{"line":78,"column":6},"end":{"line":87,"column":null}},"34":{"start":{"line":79,"column":8},"end":{"line":81,"column":null}},"35":{"start":{"line":80,"column":10},"end":{"line":80,"column":null}},"36":{"start":{"line":83,"column":8},"end":{"line":83,"column":null}},"37":{"start":{"line":84,"column":8},"end":{"line":86,"column":null}},"38":{"start":{"line":85,"column":10},"end":{"line":85,"column":null}},"39":{"start":{"line":91,"column":26},"end":{"line":95,"column":null}},"40":{"start":{"line":92,"column":4},"end":{"line":92,"column":null}},"41":{"start":{"line":93,"column":4},"end":{"line":93,"column":null}},"42":{"start":{"line":94,"column":4},"end":{"line":94,"column":null}},"43":{"start":{"line":97,"column":22},"end":{"line":110,"column":null}},"44":{"start":{"line":98,"column":4},"end":{"line":109,"column":null}},"45":{"start":{"line":99,"column":6},"end":{"line":108,"column":null}},"46":{"start":{"line":107,"column":31},"end":{"line":107,"column":null}},"47":{"start":{"line":112,"column":40},"end":{"line":112,"column":null}},"48":{"start":{"line":113,"column":42},"end":{"line":113,"column":null}},"49":{"start":{"line":115,"column":27},"end":{"line":119,"column":null}},"50":{"start":{"line":116,"column":4},"end":{"line":116,"column":null}},"51":{"start":{"line":117,"column":4},"end":{"line":117,"column":null}},"52":{"start":{"line":118,"column":4},"end":{"line":118,"column":null}},"53":{"start":{"line":121,"column":2},"end":{"line":149,"column":null}}},"fnMap":{"0":{"name":"(anonymous_0)","decl":{"start":{"line":28,"column":14},"end":{"line":28,"column":20}},"loc":{"start":{"line":28,"column":20},"end":{"line":151,"column":null}}},"1":{"name":"(anonymous_1)","decl":{"start":{"line":31,"column":4},"end":{"line":31,"column":5}},"loc":{"start":{"line":31,"column":26},"end":{"line":31,"column":null}}},"2":{"name":"(anonymous_2)","decl":{"start":{"line":33,"column":32},"end":{"line":33,"column":33}},"loc":{"start":{"line":33,"column":54},"end":{"line":33,"column":77}}},"3":{"name":"(anonymous_3)","decl":{"start":{"line":38,"column":12},"end":{"line":38,"column":18}},"loc":{"start":{"line":38,"column":18},"end":{"line":40,"column":5}}},"4":{"name":"(anonymous_4)","decl":{"start":{"line":42,"column":12},"end":{"line":42,"column":18}},"loc":{"start":{"line":42,"column":18},"end":{"line":49,"column":5}}},"5":{"name":"(anonymous_5)","decl":{"start":{"line":44,"column":37},"end":{"line":44,"column":43}},"loc":{"start":{"line":44,"column":43},"end":{"line":46,"column":9}}},"6":{"name":"(anonymous_6)","decl":{"start":{"line":47,"column":13},"end":{"line":47,"column":19}},"loc":{"start":{"line":47,"column":19},"end":{"line":47,"column":null}}},"7":{"name":"(anonymous_7)","decl":{"start":{"line":51,"column":12},"end":{"line":51,"column":18}},"loc":{"start":{"line":51,"column":18},"end":{"line":55,"column":5}}},"8":{"name":"(anonymous_8)","decl":{"start":{"line":57,"column":26},"end":{"line":57,"column":27}},"loc":{"start":{"line":57,"column":45},"end":{"line":89,"column":null}}},"9":{"name":"(anonymous_9)","decl":{"start":{"line":79,"column":19},"end":{"line":79,"column":25}},"loc":{"start":{"line":79,"column":25},"end":{"line":81,"column":11}}},"10":{"name":"(anonymous_10)","decl":{"start":{"line":91,"column":26},"end":{"line":91,"column":32}},"loc":{"start":{"line":91,"column":32},"end":{"line":95,"column":null}}},"11":{"name":"(anonymous_11)","decl":{"start":{"line":97,"column":22},"end":{"line":97,"column":28}},"loc":{"start":{"line":97,"column":28},"end":{"line":110,"column":null}}},"12":{"name":"(anonymous_12)","decl":{"start":{"line":98,"column":21},"end":{"line":98,"column":22}},"loc":{"start":{"line":99,"column":6},"end":{"line":108,"column":null}}},"13":{"name":"(anonymous_13)","decl":{"start":{"line":107,"column":25},"end":{"line":107,"column":31}},"loc":{"start":{"line":107,"column":31},"end":{"line":107,"column":null}}},"14":{"name":"(anonymous_14)","decl":{"start":{"line":115,"column":27},"end":{"line":115,"column":33}},"loc":{"start":{"line":115,"column":33},"end":{"line":119,"column":null}}}},"branchMap":{"0":{"loc":{"start":{"line":43,"column":4},"end":{"line":48,"column":null}},"type":"if","locations":[{"start":{"line":43,"column":4},"end":{"line":48,"column":null}},{"start":{"line":43,"column":4},"end":{"line":48,"column":null}}]},"1":{"loc":{"start":{"line":52,"column":4},"end":{"line":54,"column":null}},"type":"if","locations":[{"start":{"line":52,"column":4},"end":{"line":54,"column":null}},{"start":{"line":52,"column":4},"end":{"line":54,"column":null}}]},"2":{"loc":{"start":{"line":60,"column":4},"end":{"line":62,"column":null}},"type":"if","locations":[{"start":{"line":60,"column":4},"end":{"line":62,"column":null}},{"start":{"line":60,"column":4},"end":{"line":62,"column":null}}]},"3":{"loc":{"start":{"line":66,"column":4},"end":{"line":70,"column":null}},"type":"if","locations":[{"start":{"line":66,"column":4},"end":{"line":70,"column":null}},{"start":{"line":66,"column":4},"end":{"line":70,"column":null}}]},"4":{"loc":{"start":{"line":72,"column":4},"end":{"line":88,"column":null}},"type":"if","locations":[{"start":{"line":72,"column":4},"end":{"line":88,"column":null}},{"start":{"line":72,"column":4},"end":{"line":88,"column":null}}]},"5":{"loc":{"start":{"line":78,"column":6},"end":{"line":87,"column":null}},"type":"if","locations":[{"start":{"line":78,"column":6},"end":{"line":87,"column":null}},{"start":{"line":82,"column":13},"end":{"line":87,"column":null}}]},"6":{"loc":{"start":{"line":78,"column":10},"end":{"line":78,"column":74}},"type":"binary-expr","locations":[{"start":{"line":78,"column":10},"end":{"line":78,"column":32}},{"start":{"line":78,"column":32},"end":{"line":78,"column":74}}]},"7":{"loc":{"start":{"line":84,"column":8},"end":{"line":86,"column":null}},"type":"if","locations":[{"start":{"line":84,"column":8},"end":{"line":86,"column":null}},{"start":{"line":84,"column":8},"end":{"line":86,"column":null}}]},"8":{"loc":{"start":{"line":106,"column":19},"end":{"line":106,"column":null}},"type":"binary-expr","locations":[{"start":{"line":106,"column":19},"end":{"line":106,"column":57}},{"start":{"line":106,"column":57},"end":{"line":106,"column":null}}]},"9":{"loc":{"start":{"line":132,"column":9},"end":{"line":136,"column":null}},"type":"binary-expr","locations":[{"start":{"line":132,"column":9},"end":{"line":132,"column":null}},{"start":{"line":133,"column":10},"end":{"line":136,"column":null}}]},"10":{"loc":{"start":{"line":138,"column":9},"end":{"line":142,"column":null}},"type":"binary-expr","locations":[{"start":{"line":138,"column":9},"end":{"line":138,"column":null}},{"start":{"line":139,"column":10},"end":{"line":142,"column":null}}]},"11":{"loc":{"start":{"line":146,"column":7},"end":{"line":147,"column":null}},"type":"binary-expr","locations":[{"start":{"line":146,"column":7},"end":{"line":146,"column":null}},{"start":{"line":147,"column":8},"end":{"line":147,"column":null}}]}},"s":{"0":1,"1":1,"2":5,"3":0,"4":0,"5":0,"6":0,"7":0,"8":0,"9":0,"10":0,"11":0,"12":0,"13":0,"14":0,"15":0,"16":0,"17":0,"18":0,"19":0,"20":0,"21":0,"22":0,"23":0,"24":0,"25":0,"26":0,"27":0,"28":0,"29":0,"30":0,"31":0,"32":0,"33":0,"34":0,"35":0,"36":0,"37":0,"38":0,"39":0,"40":0,"41":0,"42":0,"43":0,"44":0,"45":0,"46":0,"47":0,"48":0,"49":0,"50":0,"51":0,"52":0,"53":0},"f":{"0":5,"1":0,"2":0,"3":0,"4":0,"5":0,"6":0,"7":0,"8":0,"9":0,"10":0,"11":0,"12":0,"13":0,"14":0},"b":{"0":[0,0],"1":[0,0],"2":[0,0],"3":[0,0],"4":[0,0],"5":[0,0],"6":[0,0],"7":[0,0],"8":[0,0],"9":[0,0],"10":[0,0],"11":[0,0]}}
,"C:/Users/Khaera/Desktop/Code Cours/frontend-test-khaera/src/components/Cards/Card.tsx": {"path":"C:/Users/Khaera/Desktop/Code Cours/frontend-test-khaera/src/components/Cards/Card.tsx","statementMap":{"0":{"start":{"line":21,"column":13},"end":{"line":39,"column":null}},"1":{"start":{"line":22,"column":24},"end":{"line":25,"column":null}},"2":{"start":{"line":28,"column":2},"end":{"line":37,"column":null}},"3":{"start":{"line":29,"column":55},"end":{"line":29,"column":null}}},"fnMap":{"0":{"name":"(anonymous_0)","decl":{"start":{"line":21,"column":13},"end":{"line":21,"column":14}},"loc":{"start":{"line":21,"column":83},"end":{"line":39,"column":null}}},"1":{"name":"(anonymous_1)","decl":{"start":{"line":29,"column":49},"end":{"line":29,"column":55}},"loc":{"start":{"line":29,"column":55},"end":{"line":29,"column":null}}}},"branchMap":{"0":{"loc":{"start":{"line":23,"column":4},"end":{"line":23,"column":null}},"type":"cond-expr","locations":[{"start":{"line":23,"column":21},"end":{"line":23,"column":38}},{"start":{"line":23,"column":38},"end":{"line":23,"column":null}}]},"1":{"loc":{"start":{"line":25,"column":4},"end":{"line":25,"column":null}},"type":"cond-expr","locations":[{"start":{"line":25,"column":60},"end":{"line":25,"column":79}},{"start":{"line":25,"column":79},"end":{"line":25,"column":null}}]},"2":{"loc":{"start":{"line":25,"column":4},"end":{"line":25,"column":60}},"type":"binary-expr","locations":[{"start":{"line":25,"column":4},"end":{"line":25,"column":23}},{"start":{"line":25,"column":23},"end":{"line":25,"column":60}}]},"3":{"loc":{"start":{"line":30,"column":49},"end":{"line":30,"column":null}},"type":"cond-expr","locations":[{"start":{"line":30,"column":66},"end":{"line":30,"column":70}},{"start":{"line":30,"column":70},"end":{"line":30,"column":null}}]},"4":{"loc":{"start":{"line":33,"column":48},"end":{"line":33,"column":null}},"type":"cond-expr","locations":[{"start":{"line":33,"column":65},"end":{"line":33,"column":81}},{"start":{"line":33,"column":81},"end":{"line":33,"column":null}}]}},"s":{"0":2,"1":0,"2":0,"3":0},"f":{"0":0,"1":0},"b":{"0":[0,0],"1":[0,0],"2":[0,0],"3":[0,0],"4":[0,0]}}
,"C:/Users/Khaera/Desktop/Code Cours/frontend-test-khaera/src/components/Modal/Modal.tsx": {"path":"C:/Users/Khaera/Desktop/Code Cours/frontend-test-khaera/src/components/Modal/Modal.tsx","statementMap":{"0":{"start":{"line":9,"column":36},"end":{"line":30,"column":null}},"1":{"start":{"line":10,"column":23},"end":{"line":16,"column":null}},"2":{"start":{"line":11,"column":4},"end":{"line":15,"column":null}},"3":{"start":{"line":12,"column":6},"end":{"line":12,"column":null}},"4":{"start":{"line":14,"column":6},"end":{"line":14,"column":null}},"5":{"start":{"line":17,"column":2},"end":{"line":28,"column":null}}},"fnMap":{"0":{"name":"(anonymous_0)","decl":{"start":{"line":9,"column":36},"end":{"line":9,"column":37}},"loc":{"start":{"line":9,"column":62},"end":{"line":30,"column":null}}},"1":{"name":"(anonymous_1)","decl":{"start":{"line":10,"column":23},"end":{"line":10,"column":29}},"loc":{"start":{"line":10,"column":29},"end":{"line":16,"column":null}}}},"branchMap":{"0":{"loc":{"start":{"line":11,"column":4},"end":{"line":15,"column":null}},"type":"if","locations":[{"start":{"line":11,"column":4},"end":{"line":15,"column":null}},{"start":{"line":13,"column":11},"end":{"line":15,"column":null}}]}},"s":{"0":1,"1":0,"2":0,"3":0,"4":0,"5":0},"f":{"0":0,"1":0},"b":{"0":[0,0]}}
,"C:/Users/Khaera/Desktop/Code Cours/frontend-test-khaera/src/components/ProgressBar/ProgressBar.tsx": {"path":"C:/Users/Khaera/Desktop/Code Cours/frontend-test-khaera/src/components/ProgressBar/ProgressBar.tsx","statementMap":{"0":{"start":{"line":8,"column":42},"end":{"line":28,"column":null}},"1":{"start":{"line":9,"column":27},"end":{"line":19,"column":null}},"2":{"start":{"line":10,"column":4},"end":{"line":18,"column":null}},"3":{"start":{"line":11,"column":6},"end":{"line":11,"column":null}},"4":{"start":{"line":12,"column":4},"end":{"line":18,"column":null}},"5":{"start":{"line":13,"column":6},"end":{"line":13,"column":null}},"6":{"start":{"line":14,"column":4},"end":{"line":18,"column":null}},"7":{"start":{"line":15,"column":6},"end":{"line":15,"column":null}},"8":{"start":{"line":17,"column":6},"end":{"line":17,"column":null}},"9":{"start":{"line":20,"column":2},"end":{"line":26,"column":null}}},"fnMap":{"0":{"name":"(anonymous_0)","decl":{"start":{"line":8,"column":42},"end":{"line":8,"column":43}},"loc":{"start":{"line":8,"column":71},"end":{"line":28,"column":null}}},"1":{"name":"(anonymous_1)","decl":{"start":{"line":9,"column":27},"end":{"line":9,"column":33}},"loc":{"start":{"line":9,"column":33},"end":{"line":19,"column":null}}}},"branchMap":{"0":{"loc":{"start":{"line":10,"column":4},"end":{"line":18,"column":null}},"type":"if","locations":[{"start":{"line":10,"column":4},"end":{"line":18,"column":null}},{"start":{"line":12,"column":4},"end":{"line":18,"column":null}}]},"1":{"loc":{"start":{"line":12,"column":4},"end":{"line":18,"column":null}},"type":"if","locations":[{"start":{"line":12,"column":4},"end":{"line":18,"column":null}},{"start":{"line":14,"column":4},"end":{"line":18,"column":null}}]},"2":{"loc":{"start":{"line":14,"column":4},"end":{"line":18,"column":null}},"type":"if","locations":[{"start":{"line":14,"column":4},"end":{"line":18,"column":null}},{"start":{"line":16,"column":11},"end":{"line":18,"column":null}}]}},"s":{"0":1,"1":0,"2":0,"3":0,"4":0,"5":0,"6":0,"7":0,"8":0,"9":0},"f":{"0":0,"1":0},"b":{"0":[0,0],"1":[0,0],"2":[0,0]}}
,"C:/Users/Khaera/Desktop/Code Cours/frontend-test-khaera/src/components/Timer/Timer.tsx": {"path":"C:/Users/Khaera/Desktop/Code Cours/frontend-test-khaera/src/components/Timer/Timer.tsx","statementMap":{"0":{"start":{"line":7,"column":14},"end":{"line":32,"column":null}},"1":{"start":{"line":8,"column":19},"end":{"line":8,"column":null}},"2":{"start":{"line":9,"column":41},"end":{"line":11,"column":null}},"3":{"start":{"line":10,"column":26},"end":{"line":10,"column":null}},"4":{"start":{"line":13,"column":2},"end":{"line":23,"column":null}},"5":{"start":{"line":14,"column":4},"end":{"line":16,"column":null}},"6":{"start":{"line":15,"column":6},"end":{"line":15,"column":null}},"7":{"start":{"line":17,"column":4},"end":{"line":22,"column":null}},"8":{"start":{"line":18,"column":22},"end":{"line":20,"column":null}},"9":{"start":{"line":19,"column":8},"end":{"line":19,"column":null}},"10":{"start":{"line":21,"column":6},"end":{"line":21,"column":null}},"11":{"start":{"line":21,"column":19},"end":{"line":21,"column":null}},"12":{"start":{"line":25,"column":2},"end":{"line":30,"column":null}}},"fnMap":{"0":{"name":"(anonymous_0)","decl":{"start":{"line":7,"column":14},"end":{"line":7,"column":20}},"loc":{"start":{"line":7,"column":20},"end":{"line":32,"column":null}}},"1":{"name":"(anonymous_1)","decl":{"start":{"line":10,"column":4},"end":{"line":10,"column":5}},"loc":{"start":{"line":10,"column":26},"end":{"line":10,"column":null}}},"2":{"name":"(anonymous_2)","decl":{"start":{"line":13,"column":12},"end":{"line":13,"column":18}},"loc":{"start":{"line":13,"column":18},"end":{"line":23,"column":5}}},"3":{"name":"(anonymous_3)","decl":{"start":{"line":18,"column":33},"end":{"line":18,"column":39}},"loc":{"start":{"line":18,"column":39},"end":{"line":20,"column":9}}},"4":{"name":"(anonymous_4)","decl":{"start":{"line":21,"column":13},"end":{"line":21,"column":19}},"loc":{"start":{"line":21,"column":19},"end":{"line":21,"column":null}}}},"branchMap":{"0":{"loc":{"start":{"line":14,"column":4},"end":{"line":16,"column":null}},"type":"if","locations":[{"start":{"line":14,"column":4},"end":{"line":16,"column":null}},{"start":{"line":14,"column":4},"end":{"line":16,"column":null}}]},"1":{"loc":{"start":{"line":17,"column":4},"end":{"line":22,"column":null}},"type":"if","locations":[{"start":{"line":17,"column":4},"end":{"line":22,"column":null}},{"start":{"line":17,"column":4},"end":{"line":22,"column":null}}]},"2":{"loc":{"start":{"line":17,"column":8},"end":{"line":17,"column":42}},"type":"binary-expr","locations":[{"start":{"line":17,"column":8},"end":{"line":17,"column":25}},{"start":{"line":17,"column":25},"end":{"line":17,"column":42}}]}},"s":{"0":1,"1":0,"2":0,"3":0,"4":0,"5":0,"6":0,"7":0,"8":0,"9":0,"10":0,"11":0,"12":0},"f":{"0":0,"1":0,"2":0,"3":0,"4":0},"b":{"0":[0,0],"1":[0,0],"2":[0,0]}}
,"C:/Users/Khaera/Desktop/Code Cours/frontend-test-khaera/src/redux/cards/cardsSlice.ts": {"path":"C:/Users/Khaera/Desktop/Code Cours/frontend-test-khaera/src/redux/cards/cardsSlice.ts","statementMap":{"0":{"start":{"line":4,"column":27},"end":{"line":61,"column":null}},"1":{"start":{"line":71,"column":33},"end":{"line":78,"column":null}},"2":{"start":{"line":80,"column":26},"end":{"line":153,"column":null}},"3":{"start":{"line":85,"column":20},"end":{"line":85,"column":null}},"4":{"start":{"line":86,"column":24},"end":{"line":86,"column":null}},"5":{"start":{"line":87,"column":6},"end":{"line":90,"column":null}},"6":{"start":{"line":88,"column":8},"end":{"line":88,"column":null}},"7":{"start":{"line":89,"column":8},"end":{"line":89,"column":null}},"8":{"start":{"line":93,"column":6},"end":{"line":96,"column":null}},"9":{"start":{"line":94,"column":8},"end":{"line":94,"column":null}},"10":{"start":{"line":95,"column":8},"end":{"line":95,"column":null}},"11":{"start":{"line":97,"column":6},"end":{"line":97,"column":null}},"12":{"start":{"line":98,"column":6},"end":{"line":98,"column":null}},"13":{"start":{"line":102,"column":26},"end":{"line":107,"column":null}},"14":{"start":{"line":103,"column":8},"end":{"line":106,"column":null}},"15":{"start":{"line":110,"column":24},"end":{"line":110,"column":null}},"16":{"start":{"line":113,"column":28},"end":{"line":113,"column":null}},"17":{"start":{"line":115,"column":6},"end":{"line":115,"column":null}},"18":{"start":{"line":118,"column":6},"end":{"line":122,"column":null}},"19":{"start":{"line":119,"column":8},"end":{"line":121,"column":null}},"20":{"start":{"line":120,"column":10},"end":{"line":120,"column":null}},"21":{"start":{"line":123,"column":6},"end":{"line":123,"column":null}},"22":{"start":{"line":126,"column":27},"end":{"line":126,"column":null}},"23":{"start":{"line":126,"column":67},"end":{"line":126,"column":85}},"24":{"start":{"line":127,"column":6},"end":{"line":131,"column":null}},"25":{"start":{"line":128,"column":8},"end":{"line":130,"column":null}},"26":{"start":{"line":129,"column":10},"end":{"line":129,"column":null}},"27":{"start":{"line":132,"column":6},"end":{"line":132,"column":null}},"28":{"start":{"line":135,"column":6},"end":{"line":137,"column":null}},"29":{"start":{"line":136,"column":8},"end":{"line":136,"column":null}},"30":{"start":{"line":140,"column":6},"end":{"line":140,"column":null}},"31":{"start":{"line":144,"column":6},"end":{"line":144,"column":null}},"32":{"start":{"line":147,"column":6},"end":{"line":147,"column":null}},"33":{"start":{"line":150,"column":6},"end":{"line":150,"column":null}},"34":{"start":{"line":166,"column":4},"end":{"line":166,"column":null}}},"fnMap":{"0":{"name":"(anonymous_0)","decl":{"start":{"line":84,"column":14},"end":{"line":84,"column":15}},"loc":{"start":{"line":84,"column":56},"end":{"line":91,"column":null}}},"1":{"name":"(anonymous_1)","decl":{"start":{"line":92,"column":16},"end":{"line":92,"column":17}},"loc":{"start":{"line":92,"column":27},"end":{"line":99,"column":null}}},"2":{"name":"(anonymous_2)","decl":{"start":{"line":93,"column":26},"end":{"line":93,"column":27}},"loc":{"start":{"line":93,"column":36},"end":{"line":96,"column":7}}},"3":{"name":"(anonymous_3)","decl":{"start":{"line":100,"column":14},"end":{"line":100,"column":15}},"loc":{"start":{"line":100,"column":56},"end":{"line":116,"column":null}}},"4":{"name":"(anonymous_4)","decl":{"start":{"line":102,"column":45},"end":{"line":102,"column":46}},"loc":{"start":{"line":102,"column":62},"end":{"line":107,"column":7}}},"5":{"name":"(anonymous_5)","decl":{"start":{"line":117,"column":28},"end":{"line":117,"column":29}},"loc":{"start":{"line":117,"column":39},"end":{"line":124,"column":null}}},"6":{"name":"(anonymous_6)","decl":{"start":{"line":118,"column":26},"end":{"line":118,"column":27}},"loc":{"start":{"line":118,"column":43},"end":{"line":122,"column":7}}},"7":{"name":"(anonymous_7)","decl":{"start":{"line":125,"column":18},"end":{"line":125,"column":19}},"loc":{"start":{"line":125,"column":29},"end":{"line":133,"column":null}}},"8":{"name":"(anonymous_8)","decl":{"start":{"line":126,"column":56},"end":{"line":126,"column":57}},"loc":{"start":{"line":126,"column":67},"end":{"line":126,"column":85}}},"9":{"name":"(anonymous_9)","decl":{"start":{"line":128,"column":29},"end":{"line":128,"column":30}},"loc":{"start":{"line":128,"column":39},"end":{"line":130,"column":9}}},"10":{"name":"(anonymous_10)","decl":{"start":{"line":134,"column":18},"end":{"line":134,"column":19}},"loc":{"start":{"line":134,"column":29},"end":{"line":138,"column":null}}},"11":{"name":"(anonymous_11)","decl":{"start":{"line":135,"column":26},"end":{"line":135,"column":27}},"loc":{"start":{"line":135,"column":36},"end":{"line":137,"column":7}}},"12":{"name":"(anonymous_12)","decl":{"start":{"line":139,"column":18},"end":{"line":139,"column":19}},"loc":{"start":{"line":139,"column":36},"end":{"line":141,"column":null}}},"13":{"name":"(anonymous_13)","decl":{"start":{"line":143,"column":20},"end":{"line":143,"column":21}},"loc":{"start":{"line":143,"column":39},"end":{"line":145,"column":null}}},"14":{"name":"(anonymous_14)","decl":{"start":{"line":146,"column":20},"end":{"line":146,"column":21}},"loc":{"start":{"line":146,"column":31},"end":{"line":148,"column":null}}},"15":{"name":"(anonymous_15)","decl":{"start":{"line":149,"column":19},"end":{"line":149,"column":20}},"loc":{"start":{"line":149,"column":97},"end":{"line":151,"column":null}}}},"branchMap":{"0":{"loc":{"start":{"line":87,"column":6},"end":{"line":90,"column":null}},"type":"if","locations":[{"start":{"line":87,"column":6},"end":{"line":90,"column":null}},{"start":{"line":87,"column":6},"end":{"line":90,"column":null}}]},"1":{"loc":{"start":{"line":87,"column":10},"end":{"line":87,"column":61}},"type":"binary-expr","locations":[{"start":{"line":87,"column":10},"end":{"line":87,"column":24}},{"start":{"line":87,"column":24},"end":{"line":87,"column":61}}]},"2":{"loc":{"start":{"line":119,"column":8},"end":{"line":121,"column":null}},"type":"if","locations":[{"start":{"line":119,"column":8},"end":{"line":121,"column":null}},{"start":{"line":119,"column":8},"end":{"line":121,"column":null}}]},"3":{"loc":{"start":{"line":119,"column":12},"end":{"line":119,"column":99}},"type":"binary-expr","locations":[{"start":{"line":119,"column":12},"end":{"line":119,"column":56}},{"start":{"line":119,"column":56},"end":{"line":119,"column":99}}]},"4":{"loc":{"start":{"line":127,"column":6},"end":{"line":131,"column":null}},"type":"if","locations":[{"start":{"line":127,"column":6},"end":{"line":131,"column":null}},{"start":{"line":127,"column":6},"end":{"line":131,"column":null}}]}},"s":{"0":1,"1":1,"2":1,"3":0,"4":0,"5":0,"6":0,"7":0,"8":0,"9":0,"10":0,"11":0,"12":0,"13":0,"14":0,"15":0,"16":0,"17":0,"18":0,"19":0,"20":0,"21":0,"22":0,"23":0,"24":0,"25":0,"26":0,"27":0,"28":0,"29":0,"30":0,"31":0,"32":0,"33":0,"34":1},"f":{"0":0,"1":0,"2":0,"3":0,"4":0,"5":0,"6":0,"7":0,"8":0,"9":0,"10":0,"11":0,"12":0,"13":0,"14":0,"15":0},"b":{"0":[0,0],"1":[0,0],"2":[0,0],"3":[0,0],"4":[0,0]}}
,"C:/Users/Khaera/Desktop/Code Cours/frontend-test-khaera/src/utils/setup.ts": {"path":"C:/Users/Khaera/Desktop/Code Cours/frontend-test-khaera/src/utils/setup.ts","statementMap":{"0":{"start":{"line":1,"column":28},"end":{"line":8,"column":null}},"1":{"start":{"line":2,"column":10},"end":{"line":2,"column":null}},"2":{"start":{"line":3,"column":2},"end":{"line":6,"column":null}},"3":{"start":{"line":4,"column":14},"end":{"line":4,"column":null}},"4":{"start":{"line":5,"column":4},"end":{"line":5,"column":null}},"5":{"start":{"line":7,"column":2},"end":{"line":7,"column":null}}},"fnMap":{"0":{"name":"(anonymous_0)","decl":{"start":{"line":1,"column":28},"end":{"line":1,"column":29}},"loc":{"start":{"line":1,"column":42},"end":{"line":8,"column":null}}}},"branchMap":{},"s":{"0":1,"1":0,"2":0,"3":0,"4":0,"5":0},"f":{"0":0},"b":{}}
}
