{"C:/Users/Khaera/Desktop/Code Cours/frontend-test-khaera/src/components/App/App.tsx": {"path":"C:/Users/Khaera/Desktop/Code Cours/frontend-test-khaera/src/components/App/App.tsx","statementMap":{"0":{"start":{"line":8,"column":12},"end":{"line":19,"column":null}},"1":{"start":{"line":9,"column":2},"end":{"line":17,"column":null}}},"fnMap":{"0":{"name":"(anonymous_0)","decl":{"start":{"line":8,"column":12},"end":{"line":8,"column":18}},"loc":{"start":{"line":8,"column":18},"end":{"line":19,"column":null}}}},"branchMap":{},"s":{"0":1,"1":1},"f":{"0":1},"b":{}}
,"C:/Users/Khaera/Desktop/Code Cours/frontend-test-khaera/src/components/Board/Board.tsx": {"path":"C:/Users/Khaera/Desktop/Code Cours/frontend-test-khaera/src/components/Board/Board.tsx","statementMap":{"0":{"start":{"line":22,"column":19},"end":{"line":27,"column":null}},"1":{"start":{"line":33,"column":14},"end":{"line":169,"column":null}},"2":{"start":{"line":34,"column":19},"end":{"line":34,"column":null}},"3":{"start":{"line":35,"column":60},"end":{"line":37,"column":null}},"4":{"start":{"line":36,"column":26},"end":{"line":36,"column":null}},"5":{"start":{"line":38,"column":20},"end":{"line":38,"column":null}},"6":{"start":{"line":38,"column":54},"end":{"line":38,"column":77}},"7":{"start":{"line":39,"column":38},"end":{"line":39,"column":null}},"8":{"start":{"line":40,"column":44},"end":{"line":40,"column":null}},"9":{"start":{"line":41,"column":19},"end":{"line":41,"column":null}},"10":{"start":{"line":42,"column":40},"end":{"line":42,"column":null}},"11":{"start":{"line":43,"column":42},"end":{"line":43,"column":null}},"12":{"start":{"line":46,"column":2},"end":{"line":48,"column":null}},"13":{"start":{"line":47,"column":4},"end":{"line":47,"column":null}},"14":{"start":{"line":52,"column":2},"end":{"line":59,"column":null}},"15":{"start":{"line":53,"column":4},"end":{"line":58,"column":null}},"16":{"start":{"line":54,"column":25},"end":{"line":56,"column":null}},"17":{"start":{"line":55,"column":8},"end":{"line":55,"column":null}},"18":{"start":{"line":57,"column":6},"end":{"line":57,"column":null}},"19":{"start":{"line":57,"column":19},"end":{"line":57,"column":null}},"20":{"start":{"line":62,"column":2},"end":{"line":66,"column":null}},"21":{"start":{"line":63,"column":4},"end":{"line":65,"column":null}},"22":{"start":{"line":64,"column":6},"end":{"line":64,"column":null}},"23":{"start":{"line":69,"column":26},"end":{"line":103,"column":null}},"24":{"start":{"line":70,"column":25},"end":{"line":70,"column":null}},"25":{"start":{"line":73,"column":4},"end":{"line":75,"column":null}},"26":{"start":{"line":74,"column":6},"end":{"line":74,"column":null}},"27":{"start":{"line":77,"column":4},"end":{"line":77,"column":null}},"28":{"start":{"line":79,"column":4},"end":{"line":83,"column":null}},"29":{"start":{"line":80,"column":6},"end":{"line":80,"column":null}},"30":{"start":{"line":81,"column":6},"end":{"line":81,"column":null}},"31":{"start":{"line":82,"column":6},"end":{"line":82,"column":null}},"32":{"start":{"line":86,"column":4},"end":{"line":102,"column":null}},"33":{"start":{"line":87,"column":27},"end":{"line":87,"column":null}},"34":{"start":{"line":88,"column":33},"end":{"line":90,"column":null}},"35":{"start":{"line":92,"column":6},"end":{"line":101,"column":null}},"36":{"start":{"line":93,"column":8},"end":{"line":95,"column":null}},"37":{"start":{"line":94,"column":10},"end":{"line":94,"column":null}},"38":{"start":{"line":97,"column":8},"end":{"line":97,"column":null}},"39":{"start":{"line":98,"column":8},"end":{"line":100,"column":null}},"40":{"start":{"line":99,"column":10},"end":{"line":99,"column":null}},"41":{"start":{"line":109,"column":26},"end":{"line":113,"column":null}},"42":{"start":{"line":110,"column":4},"end":{"line":110,"column":null}},"43":{"start":{"line":111,"column":4},"end":{"line":111,"column":null}},"44":{"start":{"line":112,"column":4},"end":{"line":112,"column":null}},"45":{"start":{"line":115,"column":22},"end":{"line":128,"column":null}},"46":{"start":{"line":116,"column":4},"end":{"line":127,"column":null}},"47":{"start":{"line":117,"column":6},"end":{"line":126,"column":null}},"48":{"start":{"line":125,"column":27},"end":{"line":125,"column":null}},"49":{"start":{"line":131,"column":27},"end":{"line":135,"column":null}},"50":{"start":{"line":132,"column":4},"end":{"line":132,"column":null}},"51":{"start":{"line":133,"column":4},"end":{"line":133,"column":null}},"52":{"start":{"line":134,"column":4},"end":{"line":134,"column":null}},"53":{"start":{"line":137,"column":2},"end":{"line":167,"column":null}}},"fnMap":{"0":{"name":"(anonymous_0)","decl":{"start":{"line":33,"column":14},"end":{"line":33,"column":20}},"loc":{"start":{"line":33,"column":20},"end":{"line":169,"column":null}}},"1":{"name":"(anonymous_1)","decl":{"start":{"line":36,"column":4},"end":{"line":36,"column":5}},"loc":{"start":{"line":36,"column":26},"end":{"line":36,"column":null}}},"2":{"name":"(anonymous_2)","decl":{"start":{"line":38,"column":32},"end":{"line":38,"column":33}},"loc":{"start":{"line":38,"column":54},"end":{"line":38,"column":77}}},"3":{"name":"(anonymous_3)","decl":{"start":{"line":46,"column":12},"end":{"line":46,"column":18}},"loc":{"start":{"line":46,"column":18},"end":{"line":48,"column":5}}},"4":{"name":"(anonymous_4)","decl":{"start":{"line":52,"column":12},"end":{"line":52,"column":18}},"loc":{"start":{"line":52,"column":18},"end":{"line":59,"column":5}}},"5":{"name":"(anonymous_5)","decl":{"start":{"line":54,"column":37},"end":{"line":54,"column":43}},"loc":{"start":{"line":54,"column":43},"end":{"line":56,"column":9}}},"6":{"name":"(anonymous_6)","decl":{"start":{"line":57,"column":13},"end":{"line":57,"column":19}},"loc":{"start":{"line":57,"column":19},"end":{"line":57,"column":null}}},"7":{"name":"(anonymous_7)","decl":{"start":{"line":62,"column":12},"end":{"line":62,"column":18}},"loc":{"start":{"line":62,"column":18},"end":{"line":66,"column":5}}},"8":{"name":"(anonymous_8)","decl":{"start":{"line":69,"column":26},"end":{"line":69,"column":27}},"loc":{"start":{"line":69,"column":45},"end":{"line":103,"column":null}}},"9":{"name":"(anonymous_9)","decl":{"start":{"line":93,"column":19},"end":{"line":93,"column":25}},"loc":{"start":{"line":93,"column":25},"end":{"line":95,"column":11}}},"10":{"name":"(anonymous_10)","decl":{"start":{"line":109,"column":26},"end":{"line":109,"column":32}},"loc":{"start":{"line":109,"column":32},"end":{"line":113,"column":null}}},"11":{"name":"(anonymous_11)","decl":{"start":{"line":115,"column":22},"end":{"line":115,"column":28}},"loc":{"start":{"line":115,"column":28},"end":{"line":128,"column":null}}},"12":{"name":"(anonymous_12)","decl":{"start":{"line":116,"column":21},"end":{"line":116,"column":22}},"loc":{"start":{"line":117,"column":6},"end":{"line":126,"column":null}}},"13":{"name":"(anonymous_13)","decl":{"start":{"line":125,"column":21},"end":{"line":125,"column":27}},"loc":{"start":{"line":125,"column":27},"end":{"line":125,"column":null}}},"14":{"name":"(anonymous_14)","decl":{"start":{"line":131,"column":27},"end":{"line":131,"column":33}},"loc":{"start":{"line":131,"column":33},"end":{"line":135,"column":null}}}},"branchMap":{"0":{"loc":{"start":{"line":53,"column":4},"end":{"line":58,"column":null}},"type":"if","locations":[{"start":{"line":53,"column":4},"end":{"line":58,"column":null}},{"start":{"line":53,"column":4},"end":{"line":58,"column":null}}]},"1":{"loc":{"start":{"line":63,"column":4},"end":{"line":65,"column":null}},"type":"if","locations":[{"start":{"line":63,"column":4},"end":{"line":65,"column":null}},{"start":{"line":63,"column":4},"end":{"line":65,"column":null}}]},"2":{"loc":{"start":{"line":73,"column":4},"end":{"line":75,"column":null}},"type":"if","locations":[{"start":{"line":73,"column":4},"end":{"line":75,"column":null}},{"start":{"line":73,"column":4},"end":{"line":75,"column":null}}]},"3":{"loc":{"start":{"line":79,"column":4},"end":{"line":83,"column":null}},"type":"if","locations":[{"start":{"line":79,"column":4},"end":{"line":83,"column":null}},{"start":{"line":79,"column":4},"end":{"line":83,"column":null}}]},"4":{"loc":{"start":{"line":86,"column":4},"end":{"line":102,"column":null}},"type":"if","locations":[{"start":{"line":86,"column":4},"end":{"line":102,"column":null}},{"start":{"line":86,"column":4},"end":{"line":102,"column":null}}]},"5":{"loc":{"start":{"line":92,"column":6},"end":{"line":101,"column":null}},"type":"if","locations":[{"start":{"line":92,"column":6},"end":{"line":101,"column":null}},{"start":{"line":96,"column":13},"end":{"line":101,"column":null}}]},"6":{"loc":{"start":{"line":92,"column":10},"end":{"line":92,"column":74}},"type":"binary-expr","locations":[{"start":{"line":92,"column":10},"end":{"line":92,"column":32}},{"start":{"line":92,"column":32},"end":{"line":92,"column":74}}]},"7":{"loc":{"start":{"line":98,"column":8},"end":{"line":100,"column":null}},"type":"if","locations":[{"start":{"line":98,"column":8},"end":{"line":100,"column":null}},{"start":{"line":98,"column":8},"end":{"line":100,"column":null}}]},"8":{"loc":{"start":{"line":124,"column":19},"end":{"line":124,"column":null}},"type":"binary-expr","locations":[{"start":{"line":124,"column":19},"end":{"line":124,"column":57}},{"start":{"line":124,"column":57},"end":{"line":124,"column":null}}]},"9":{"loc":{"start":{"line":150,"column":9},"end":{"line":154,"column":null}},"type":"binary-expr","locations":[{"start":{"line":150,"column":9},"end":{"line":150,"column":null}},{"start":{"line":151,"column":10},"end":{"line":154,"column":null}}]},"10":{"loc":{"start":{"line":156,"column":9},"end":{"line":160,"column":null}},"type":"binary-expr","locations":[{"start":{"line":156,"column":9},"end":{"line":156,"column":null}},{"start":{"line":157,"column":10},"end":{"line":160,"column":null}}]},"11":{"loc":{"start":{"line":164,"column":7},"end":{"line":165,"column":null}},"type":"binary-expr","locations":[{"start":{"line":164,"column":7},"end":{"line":164,"column":null}},{"start":{"line":165,"column":8},"end":{"line":165,"column":null}}]}},"s":{"0":2,"1":2,"2":7,"3":7,"4":11,"5":7,"6":12,"7":7,"8":7,"9":7,"10":7,"11":7,"12":7,"13":3,"14":7,"15":3,"16":0,"17":0,"18":0,"19":0,"20":7,"21":3,"22":0,"23":7,"24":0,"25":0,"26":0,"27":0,"28":0,"29":0,"30":0,"31":0,"32":0,"33":0,"34":0,"35":0,"36":0,"37":0,"38":0,"39":0,"40":0,"41":7,"42":1,"43":1,"44":1,"45":7,"46":7,"47":128,"48":0,"49":7,"50":0,"51":0,"52":0,"53":7},"f":{"0":7,"1":11,"2":12,"3":3,"4":3,"5":0,"6":0,"7":3,"8":0,"9":0,"10":1,"11":7,"12":128,"13":0,"14":0},"b":{"0":[0,3],"1":[0,3],"2":[0,0],"3":[0,0],"4":[0,0],"5":[0,0],"6":[0,0],"7":[0,0],"8":[128,0],"9":[7,0],"10":[7,0],"11":[7,0]}}
,"C:/Users/Khaera/Desktop/Code Cours/frontend-test-khaera/src/components/Cards/Card.tsx": {"path":"C:/Users/Khaera/Desktop/Code Cours/frontend-test-khaera/src/components/Cards/Card.tsx","statementMap":{"0":{"start":{"line":21,"column":13},"end":{"line":39,"column":null}},"1":{"start":{"line":22,"column":24},"end":{"line":25,"column":null}},"2":{"start":{"line":28,"column":2},"end":{"line":37,"column":null}},"3":{"start":{"line":29,"column":55},"end":{"line":29,"column":75}}},"fnMap":{"0":{"name":"(anonymous_0)","decl":{"start":{"line":21,"column":13},"end":{"line":21,"column":14}},"loc":{"start":{"line":21,"column":78},"end":{"line":39,"column":null}}},"1":{"name":"(anonymous_1)","decl":{"start":{"line":29,"column":49},"end":{"line":29,"column":55}},"loc":{"start":{"line":29,"column":55},"end":{"line":29,"column":75}}}},"branchMap":{"0":{"loc":{"start":{"line":23,"column":4},"end":{"line":23,"column":null}},"type":"cond-expr","locations":[{"start":{"line":23,"column":21},"end":{"line":23,"column":38}},{"start":{"line":23,"column":38},"end":{"line":23,"column":null}}]},"1":{"loc":{"start":{"line":25,"column":4},"end":{"line":25,"column":null}},"type":"cond-expr","locations":[{"start":{"line":25,"column":60},"end":{"line":25,"column":79}},{"start":{"line":25,"column":79},"end":{"line":25,"column":null}}]},"2":{"loc":{"start":{"line":25,"column":4},"end":{"line":25,"column":60}},"type":"binary-expr","locations":[{"start":{"line":25,"column":4},"end":{"line":25,"column":23}},{"start":{"line":25,"column":23},"end":{"line":25,"column":60}}]},"3":{"loc":{"start":{"line":30,"column":49},"end":{"line":30,"column":null}},"type":"cond-expr","locations":[{"start":{"line":30,"column":66},"end":{"line":30,"column":70}},{"start":{"line":30,"column":70},"end":{"line":30,"column":null}}]},"4":{"loc":{"start":{"line":33,"column":48},"end":{"line":33,"column":null}},"type":"cond-expr","locations":[{"start":{"line":33,"column":65},"end":{"line":33,"column":81}},{"start":{"line":33,"column":81},"end":{"line":33,"column":null}}]}},"s":{"0":3,"1":130,"2":130,"3":1},"f":{"0":130,"1":1},"b":{"0":[0,130],"1":[0,130],"2":[130,130],"3":[0,130],"4":[0,130]}}
,"C:/Users/Khaera/Desktop/Code Cours/frontend-test-khaera/src/components/Modal/Modal.tsx": {"path":"C:/Users/Khaera/Desktop/Code Cours/frontend-test-khaera/src/components/Modal/Modal.tsx","statementMap":{"0":{"start":{"line":15,"column":36},"end":{"line":37,"column":null}},"1":{"start":{"line":17,"column":23},"end":{"line":23,"column":null}},"2":{"start":{"line":18,"column":4},"end":{"line":22,"column":null}},"3":{"start":{"line":19,"column":6},"end":{"line":19,"column":null}},"4":{"start":{"line":21,"column":6},"end":{"line":21,"column":null}},"5":{"start":{"line":24,"column":2},"end":{"line":35,"column":null}}},"fnMap":{"0":{"name":"(anonymous_0)","decl":{"start":{"line":15,"column":36},"end":{"line":15,"column":37}},"loc":{"start":{"line":15,"column":62},"end":{"line":37,"column":null}}},"1":{"name":"(anonymous_1)","decl":{"start":{"line":17,"column":23},"end":{"line":17,"column":29}},"loc":{"start":{"line":17,"column":29},"end":{"line":23,"column":null}}}},"branchMap":{"0":{"loc":{"start":{"line":18,"column":4},"end":{"line":22,"column":null}},"type":"if","locations":[{"start":{"line":18,"column":4},"end":{"line":22,"column":null}},{"start":{"line":20,"column":11},"end":{"line":22,"column":null}}]}},"s":{"0":3,"1":3,"2":3,"3":2,"4":1,"5":3},"f":{"0":3,"1":3},"b":{"0":[2,1]}}
,"C:/Users/Khaera/Desktop/Code Cours/frontend-test-khaera/src/components/ProgressBar/ProgressBar.tsx": {"path":"C:/Users/Khaera/Desktop/Code Cours/frontend-test-khaera/src/components/ProgressBar/ProgressBar.tsx","statementMap":{"0":{"start":{"line":14,"column":42},"end":{"line":35,"column":null}},"1":{"start":{"line":15,"column":27},"end":{"line":25,"column":null}},"2":{"start":{"line":16,"column":4},"end":{"line":24,"column":null}},"3":{"start":{"line":17,"column":6},"end":{"line":17,"column":null}},"4":{"start":{"line":18,"column":4},"end":{"line":24,"column":null}},"5":{"start":{"line":19,"column":6},"end":{"line":19,"column":null}},"6":{"start":{"line":20,"column":4},"end":{"line":24,"column":null}},"7":{"start":{"line":21,"column":6},"end":{"line":21,"column":null}},"8":{"start":{"line":23,"column":6},"end":{"line":23,"column":null}},"9":{"start":{"line":26,"column":2},"end":{"line":33,"column":null}}},"fnMap":{"0":{"name":"(anonymous_0)","decl":{"start":{"line":14,"column":42},"end":{"line":14,"column":43}},"loc":{"start":{"line":14,"column":71},"end":{"line":35,"column":null}}},"1":{"name":"(anonymous_1)","decl":{"start":{"line":15,"column":27},"end":{"line":15,"column":33}},"loc":{"start":{"line":15,"column":33},"end":{"line":25,"column":null}}}},"branchMap":{"0":{"loc":{"start":{"line":16,"column":4},"end":{"line":24,"column":null}},"type":"if","locations":[{"start":{"line":16,"column":4},"end":{"line":24,"column":null}},{"start":{"line":18,"column":4},"end":{"line":24,"column":null}}]},"1":{"loc":{"start":{"line":18,"column":4},"end":{"line":24,"column":null}},"type":"if","locations":[{"start":{"line":18,"column":4},"end":{"line":24,"column":null}},{"start":{"line":20,"column":4},"end":{"line":24,"column":null}}]},"2":{"loc":{"start":{"line":20,"column":4},"end":{"line":24,"column":null}},"type":"if","locations":[{"start":{"line":20,"column":4},"end":{"line":24,"column":null}},{"start":{"line":22,"column":11},"end":{"line":24,"column":null}}]}},"s":{"0":3,"1":12,"2":12,"3":1,"4":11,"5":2,"6":9,"7":1,"8":8,"9":12},"f":{"0":12,"1":12},"b":{"0":[1,11],"1":[2,9],"2":[1,8]}}
,"C:/Users/Khaera/Desktop/Code Cours/frontend-test-khaera/src/components/Timer/Timer.tsx": {"path":"C:/Users/Khaera/Desktop/Code Cours/frontend-test-khaera/src/components/Timer/Timer.tsx","statementMap":{"0":{"start":{"line":12,"column":14},"end":{"line":37,"column":null}},"1":{"start":{"line":13,"column":19},"end":{"line":13,"column":null}},"2":{"start":{"line":14,"column":41},"end":{"line":16,"column":null}},"3":{"start":{"line":15,"column":26},"end":{"line":15,"column":null}},"4":{"start":{"line":19,"column":2},"end":{"line":29,"column":null}},"5":{"start":{"line":20,"column":4},"end":{"line":22,"column":null}},"6":{"start":{"line":21,"column":6},"end":{"line":21,"column":null}},"7":{"start":{"line":23,"column":4},"end":{"line":28,"column":null}},"8":{"start":{"line":24,"column":22},"end":{"line":26,"column":null}},"9":{"start":{"line":25,"column":8},"end":{"line":25,"column":null}},"10":{"start":{"line":27,"column":6},"end":{"line":27,"column":null}},"11":{"start":{"line":27,"column":19},"end":{"line":27,"column":null}},"12":{"start":{"line":31,"column":2},"end":{"line":35,"column":null}}},"fnMap":{"0":{"name":"(anonymous_0)","decl":{"start":{"line":12,"column":14},"end":{"line":12,"column":20}},"loc":{"start":{"line":12,"column":20},"end":{"line":37,"column":null}}},"1":{"name":"(anonymous_1)","decl":{"start":{"line":15,"column":4},"end":{"line":15,"column":5}},"loc":{"start":{"line":15,"column":26},"end":{"line":15,"column":null}}},"2":{"name":"(anonymous_2)","decl":{"start":{"line":19,"column":12},"end":{"line":19,"column":18}},"loc":{"start":{"line":19,"column":18},"end":{"line":29,"column":5}}},"3":{"name":"(anonymous_3)","decl":{"start":{"line":24,"column":33},"end":{"line":24,"column":39}},"loc":{"start":{"line":24,"column":39},"end":{"line":26,"column":9}}},"4":{"name":"(anonymous_4)","decl":{"start":{"line":27,"column":13},"end":{"line":27,"column":19}},"loc":{"start":{"line":27,"column":19},"end":{"line":27,"column":null}}}},"branchMap":{"0":{"loc":{"start":{"line":20,"column":4},"end":{"line":22,"column":null}},"type":"if","locations":[{"start":{"line":20,"column":4},"end":{"line":22,"column":null}},{"start":{"line":20,"column":4},"end":{"line":22,"column":null}}]},"1":{"loc":{"start":{"line":23,"column":4},"end":{"line":28,"column":null}},"type":"if","locations":[{"start":{"line":23,"column":4},"end":{"line":28,"column":null}},{"start":{"line":23,"column":4},"end":{"line":28,"column":null}}]},"2":{"loc":{"start":{"line":23,"column":8},"end":{"line":23,"column":42}},"type":"binary-expr","locations":[{"start":{"line":23,"column":8},"end":{"line":23,"column":25}},{"start":{"line":23,"column":25},"end":{"line":23,"column":42}}]}},"s":{"0":3,"1":8,"2":8,"3":12,"4":8,"5":4,"6":0,"7":4,"8":1,"9":0,"10":1,"11":1,"12":8},"f":{"0":8,"1":12,"2":4,"3":0,"4":1},"b":{"0":[0,4],"1":[1,3],"2":[4,1]}}
,"C:/Users/Khaera/Desktop/Code Cours/frontend-test-khaera/src/redux/rootReducers.ts": {"path":"C:/Users/Khaera/Desktop/Code Cours/frontend-test-khaera/src/redux/rootReducers.ts","statementMap":{"0":{"start":{"line":4,"column":20},"end":{"line":6,"column":null}}},"fnMap":{},"branchMap":{},"s":{"0":2},"f":{},"b":{}}
,"C:/Users/Khaera/Desktop/Code Cours/frontend-test-khaera/src/redux/store.ts": {"path":"C:/Users/Khaera/Desktop/Code Cours/frontend-test-khaera/src/redux/store.ts","statementMap":{"0":{"start":{"line":4,"column":14},"end":{"line":6,"column":null}}},"fnMap":{},"branchMap":{},"s":{"0":2},"f":{},"b":{}}
,"C:/Users/Khaera/Desktop/Code Cours/frontend-test-khaera/src/redux/cards/cardsSlice.ts": {"path":"C:/Users/Khaera/Desktop/Code Cours/frontend-test-khaera/src/redux/cards/cardsSlice.ts","statementMap":{"0":{"start":{"line":5,"column":27},"end":{"line":62,"column":null}},"1":{"start":{"line":72,"column":33},"end":{"line":79,"column":null}},"2":{"start":{"line":89,"column":26},"end":{"line":163,"column":null}},"3":{"start":{"line":94,"column":20},"end":{"line":94,"column":null}},"4":{"start":{"line":95,"column":24},"end":{"line":95,"column":null}},"5":{"start":{"line":96,"column":6},"end":{"line":99,"column":null}},"6":{"start":{"line":97,"column":8},"end":{"line":97,"column":null}},"7":{"start":{"line":98,"column":8},"end":{"line":98,"column":null}},"8":{"start":{"line":102,"column":6},"end":{"line":105,"column":null}},"9":{"start":{"line":103,"column":8},"end":{"line":103,"column":null}},"10":{"start":{"line":104,"column":8},"end":{"line":104,"column":null}},"11":{"start":{"line":106,"column":6},"end":{"line":106,"column":null}},"12":{"start":{"line":107,"column":6},"end":{"line":107,"column":null}},"13":{"start":{"line":111,"column":26},"end":{"line":116,"column":null}},"14":{"start":{"line":112,"column":8},"end":{"line":115,"column":null}},"15":{"start":{"line":119,"column":24},"end":{"line":119,"column":null}},"16":{"start":{"line":122,"column":28},"end":{"line":122,"column":null}},"17":{"start":{"line":124,"column":6},"end":{"line":124,"column":null}},"18":{"start":{"line":127,"column":6},"end":{"line":131,"column":null}},"19":{"start":{"line":128,"column":8},"end":{"line":130,"column":null}},"20":{"start":{"line":129,"column":10},"end":{"line":129,"column":null}},"21":{"start":{"line":132,"column":6},"end":{"line":132,"column":null}},"22":{"start":{"line":135,"column":27},"end":{"line":135,"column":null}},"23":{"start":{"line":135,"column":67},"end":{"line":135,"column":85}},"24":{"start":{"line":137,"column":6},"end":{"line":141,"column":null}},"25":{"start":{"line":138,"column":8},"end":{"line":140,"column":null}},"26":{"start":{"line":139,"column":10},"end":{"line":139,"column":null}},"27":{"start":{"line":142,"column":6},"end":{"line":142,"column":null}},"28":{"start":{"line":145,"column":6},"end":{"line":147,"column":null}},"29":{"start":{"line":146,"column":8},"end":{"line":146,"column":null}},"30":{"start":{"line":150,"column":6},"end":{"line":150,"column":null}},"31":{"start":{"line":154,"column":6},"end":{"line":154,"column":null}},"32":{"start":{"line":157,"column":6},"end":{"line":157,"column":null}},"33":{"start":{"line":160,"column":6},"end":{"line":160,"column":null}},"34":{"start":{"line":176,"column":4},"end":{"line":176,"column":null}}},"fnMap":{"0":{"name":"(anonymous_0)","decl":{"start":{"line":93,"column":14},"end":{"line":93,"column":15}},"loc":{"start":{"line":93,"column":56},"end":{"line":100,"column":null}}},"1":{"name":"(anonymous_1)","decl":{"start":{"line":101,"column":16},"end":{"line":101,"column":17}},"loc":{"start":{"line":101,"column":27},"end":{"line":108,"column":null}}},"2":{"name":"(anonymous_2)","decl":{"start":{"line":102,"column":26},"end":{"line":102,"column":27}},"loc":{"start":{"line":102,"column":36},"end":{"line":105,"column":7}}},"3":{"name":"(anonymous_3)","decl":{"start":{"line":109,"column":14},"end":{"line":109,"column":15}},"loc":{"start":{"line":109,"column":56},"end":{"line":125,"column":null}}},"4":{"name":"(anonymous_4)","decl":{"start":{"line":111,"column":45},"end":{"line":111,"column":46}},"loc":{"start":{"line":111,"column":62},"end":{"line":116,"column":7}}},"5":{"name":"(anonymous_5)","decl":{"start":{"line":126,"column":28},"end":{"line":126,"column":29}},"loc":{"start":{"line":126,"column":39},"end":{"line":133,"column":null}}},"6":{"name":"(anonymous_6)","decl":{"start":{"line":127,"column":26},"end":{"line":127,"column":27}},"loc":{"start":{"line":127,"column":43},"end":{"line":131,"column":7}}},"7":{"name":"(anonymous_7)","decl":{"start":{"line":134,"column":18},"end":{"line":134,"column":19}},"loc":{"start":{"line":134,"column":29},"end":{"line":143,"column":null}}},"8":{"name":"(anonymous_8)","decl":{"start":{"line":135,"column":56},"end":{"line":135,"column":57}},"loc":{"start":{"line":135,"column":67},"end":{"line":135,"column":85}}},"9":{"name":"(anonymous_9)","decl":{"start":{"line":138,"column":29},"end":{"line":138,"column":30}},"loc":{"start":{"line":138,"column":39},"end":{"line":140,"column":9}}},"10":{"name":"(anonymous_10)","decl":{"start":{"line":144,"column":18},"end":{"line":144,"column":19}},"loc":{"start":{"line":144,"column":29},"end":{"line":148,"column":null}}},"11":{"name":"(anonymous_11)","decl":{"start":{"line":145,"column":26},"end":{"line":145,"column":27}},"loc":{"start":{"line":145,"column":36},"end":{"line":147,"column":7}}},"12":{"name":"(anonymous_12)","decl":{"start":{"line":149,"column":18},"end":{"line":149,"column":19}},"loc":{"start":{"line":149,"column":36},"end":{"line":151,"column":null}}},"13":{"name":"(anonymous_13)","decl":{"start":{"line":153,"column":20},"end":{"line":153,"column":21}},"loc":{"start":{"line":153,"column":39},"end":{"line":155,"column":null}}},"14":{"name":"(anonymous_14)","decl":{"start":{"line":156,"column":20},"end":{"line":156,"column":21}},"loc":{"start":{"line":156,"column":31},"end":{"line":158,"column":null}}},"15":{"name":"(anonymous_15)","decl":{"start":{"line":159,"column":19},"end":{"line":159,"column":20}},"loc":{"start":{"line":159,"column":97},"end":{"line":161,"column":null}}}},"branchMap":{"0":{"loc":{"start":{"line":96,"column":6},"end":{"line":99,"column":null}},"type":"if","locations":[{"start":{"line":96,"column":6},"end":{"line":99,"column":null}},{"start":{"line":96,"column":6},"end":{"line":99,"column":null}}]},"1":{"loc":{"start":{"line":96,"column":10},"end":{"line":96,"column":61}},"type":"binary-expr","locations":[{"start":{"line":96,"column":10},"end":{"line":96,"column":24}},{"start":{"line":96,"column":24},"end":{"line":96,"column":61}}]},"2":{"loc":{"start":{"line":128,"column":8},"end":{"line":130,"column":null}},"type":"if","locations":[{"start":{"line":128,"column":8},"end":{"line":130,"column":null}},{"start":{"line":128,"column":8},"end":{"line":130,"column":null}}]},"3":{"loc":{"start":{"line":128,"column":12},"end":{"line":128,"column":99}},"type":"binary-expr","locations":[{"start":{"line":128,"column":12},"end":{"line":128,"column":56}},{"start":{"line":128,"column":56},"end":{"line":128,"column":99}}]},"4":{"loc":{"start":{"line":137,"column":6},"end":{"line":141,"column":null}},"type":"if","locations":[{"start":{"line":137,"column":6},"end":{"line":141,"column":null}},{"start":{"line":137,"column":6},"end":{"line":141,"column":null}}]}},"s":{"0":3,"1":3,"2":3,"3":0,"4":0,"5":0,"6":0,"7":0,"8":1,"9":32,"10":32,"11":1,"12":1,"13":3,"14":32,"15":3,"16":3,"17":3,"18":0,"19":0,"20":0,"21":0,"22":0,"23":0,"24":0,"25":0,"26":0,"27":0,"28":0,"29":0,"30":0,"31":1,"32":0,"33":0,"34":3},"f":{"0":0,"1":1,"2":32,"3":3,"4":32,"5":0,"6":0,"7":0,"8":0,"9":0,"10":0,"11":0,"12":0,"13":1,"14":0,"15":0},"b":{"0":[0,0],"1":[0,0],"2":[0,0],"3":[0,0],"4":[0,0]}}
,"C:/Users/Khaera/Desktop/Code Cours/frontend-test-khaera/src/utils/setup.ts": {"path":"C:/Users/Khaera/Desktop/Code Cours/frontend-test-khaera/src/utils/setup.ts","statementMap":{"0":{"start":{"line":1,"column":28},"end":{"line":8,"column":null}},"1":{"start":{"line":2,"column":10},"end":{"line":2,"column":null}},"2":{"start":{"line":3,"column":2},"end":{"line":6,"column":null}},"3":{"start":{"line":4,"column":14},"end":{"line":4,"column":null}},"4":{"start":{"line":5,"column":4},"end":{"line":5,"column":null}},"5":{"start":{"line":7,"column":2},"end":{"line":7,"column":null}}},"fnMap":{"0":{"name":"(anonymous_0)","decl":{"start":{"line":1,"column":28},"end":{"line":1,"column":29}},"loc":{"start":{"line":1,"column":42},"end":{"line":8,"column":null}}}},"branchMap":{},"s":{"0":3,"1":3,"2":3,"3":64,"4":64,"5":3},"f":{"0":3},"b":{}}
}
